{"/Users/nhan.dang/Coder_Academy/NhanDang_T3A2/GP-Back/app.js": {"path":"/Users/nhan.dang/Coder_Academy/NhanDang_T3A2/GP-Back/app.js","statementMap":{"0":{"start":{"line":1,"column":13},"end":{"line":1,"column":28}},"1":{"start":{"line":2,"column":17},"end":{"line":2,"column":39}},"2":{"start":{"line":3,"column":15},"end":{"line":3,"column":32}},"3":{"start":{"line":4,"column":16},"end":{"line":4,"column":34}},"4":{"start":{"line":5,"column":0},"end":{"line":5,"column":27}},"5":{"start":{"line":8,"column":12},"end":{"line":8,"column":21}},"6":{"start":{"line":9,"column":0},"end":{"line":9,"column":24}},"7":{"start":{"line":10,"column":0},"end":{"line":10,"column":16}},"8":{"start":{"line":11,"column":0},"end":{"line":11,"column":23}},"9":{"start":{"line":14,"column":0},"end":{"line":14,"column":35}},"10":{"start":{"line":17,"column":0},"end":{"line":17,"column":52}},"11":{"start":{"line":20,"column":0},"end":{"line":20,"column":27}},"12":{"start":{"line":22,"column":0},"end":{"line":22,"column":21}}},"fnMap":{},"branchMap":{},"s":{"0":8,"1":8,"2":8,"3":8,"4":8,"5":8,"6":8,"7":8,"8":8,"9":8,"10":8,"11":8,"12":8},"f":{},"b":{},"_coverageSchema":"43e27e138ebf9cfc5966b082cf9a028302ed4184","hash":"64811e893b7ba5e91c3d00d10f1b0307ac4e8d8b"}
,"/Users/nhan.dang/Coder_Academy/NhanDang_T3A2/GP-Back/controllers/about.js": {"path":"/Users/nhan.dang/Coder_Academy/NhanDang_T3A2/GP-Back/controllers/about.js","statementMap":{"0":{"start":{"line":1,"column":14},"end":{"line":1,"column":40}},"1":{"start":{"line":3,"column":14},"end":{"line":6,"column":1}},"2":{"start":{"line":4,"column":16},"end":{"line":4,"column":34}},"3":{"start":{"line":5,"column":2},"end":{"line":5,"column":18}},"4":{"start":{"line":8,"column":15},"end":{"line":22,"column":1}},"5":{"start":{"line":9,"column":2},"end":{"line":21,"column":3}},"6":{"start":{"line":10,"column":4},"end":{"line":10,"column":39}},"7":{"start":{"line":11,"column":25},"end":{"line":17,"column":5}},"8":{"start":{"line":18,"column":4},"end":{"line":18,"column":27}},"9":{"start":{"line":20,"column":4},"end":{"line":20,"column":38}},"10":{"start":{"line":24,"column":0},"end":{"line":27,"column":2}}},"fnMap":{"0":{"name":"(anonymous_0)","decl":{"start":{"line":3,"column":14},"end":{"line":3,"column":15}},"loc":{"start":{"line":3,"column":34},"end":{"line":6,"column":1}},"line":3},"1":{"name":"(anonymous_1)","decl":{"start":{"line":8,"column":15},"end":{"line":8,"column":16}},"loc":{"start":{"line":8,"column":35},"end":{"line":22,"column":1}},"line":8}},"branchMap":{},"s":{"0":8,"1":8,"2":0,"3":0,"4":8,"5":0,"6":0,"7":0,"8":0,"9":0,"10":8},"f":{"0":0,"1":0},"b":{},"_coverageSchema":"43e27e138ebf9cfc5966b082cf9a028302ed4184","hash":"e505ba3dea27a6fcf6fce9a064eb1e43f7d99eff"}
,"/Users/nhan.dang/Coder_Academy/NhanDang_T3A2/GP-Back/controllers/admin.js": {"path":"/Users/nhan.dang/Coder_Academy/NhanDang_T3A2/GP-Back/controllers/admin.js","statementMap":{"0":{"start":{"line":1,"column":13},"end":{"line":1,"column":38}},"1":{"start":{"line":2,"column":20},"end":{"line":2,"column":52}},"2":{"start":{"line":3,"column":17},"end":{"line":3,"column":36}},"3":{"start":{"line":4,"column":16},"end":{"line":4,"column":43}},"4":{"start":{"line":7,"column":14},"end":{"line":7,"column":40}},"5":{"start":{"line":12,"column":2},"end":{"line":20,"column":3}},"6":{"start":{"line":13,"column":18},"end":{"line":13,"column":29}},"7":{"start":{"line":14,"column":4},"end":{"line":14,"column":36}},"8":{"start":{"line":15,"column":22},"end":{"line":15,"column":65}},"9":{"start":{"line":16,"column":4},"end":{"line":16,"column":24}},"10":{"start":{"line":18,"column":4},"end":{"line":18,"column":29}},"11":{"start":{"line":19,"column":4},"end":{"line":19,"column":26}},"12":{"start":{"line":26,"column":31},"end":{"line":33,"column":3}},"13":{"start":{"line":27,"column":16},"end":{"line":27,"column":26}},"14":{"start":{"line":28,"column":23},"end":{"line":28,"column":40}},"15":{"start":{"line":29,"column":4},"end":{"line":32,"column":6}},"16":{"start":{"line":30,"column":5},"end":{"line":30,"column":30}},"17":{"start":{"line":30,"column":13},"end":{"line":30,"column":30}},"18":{"start":{"line":31,"column":5},"end":{"line":31,"column":32}},"19":{"start":{"line":34,"column":4},"end":{"line":44,"column":3}},"20":{"start":{"line":35,"column":6},"end":{"line":35,"column":29}},"21":{"start":{"line":36,"column":20},"end":{"line":36,"column":58}},"22":{"start":{"line":37,"column":6},"end":{"line":37,"column":38}},"23":{"start":{"line":38,"column":31},"end":{"line":38,"column":74}},"24":{"start":{"line":39,"column":6},"end":{"line":39,"column":36}},"25":{"start":{"line":40,"column":6},"end":{"line":40,"column":33}},"26":{"start":{"line":42,"column":4},"end":{"line":42,"column":29}},"27":{"start":{"line":43,"column":4},"end":{"line":43,"column":26}},"28":{"start":{"line":49,"column":2},"end":{"line":55,"column":5}},"29":{"start":{"line":50,"column":4},"end":{"line":54,"column":5}},"30":{"start":{"line":51,"column":6},"end":{"line":51,"column":23}},"31":{"start":{"line":53,"column":6},"end":{"line":53,"column":23}},"32":{"start":{"line":60,"column":2},"end":{"line":72,"column":3}},"33":{"start":{"line":61,"column":52},"end":{"line":61,"column":60}},"34":{"start":{"line":62,"column":19},"end":{"line":67,"column":6}},"35":{"start":{"line":68,"column":18},"end":{"line":68,"column":39}},"36":{"start":{"line":69,"column":4},"end":{"line":69,"column":20}},"37":{"start":{"line":71,"column":4},"end":{"line":71,"column":38}},"38":{"start":{"line":77,"column":11},"end":{"line":77,"column":24}},"39":{"start":{"line":78,"column":2},"end":{"line":80,"column":5}},"40":{"start":{"line":79,"column":4},"end":{"line":79,"column":20}},"41":{"start":{"line":85,"column":2},"end":{"line":102,"column":5}},"42":{"start":{"line":86,"column":4},"end":{"line":101,"column":5}},"43":{"start":{"line":86,"column":16},"end":{"line":86,"column":58}},"44":{"start":{"line":88,"column":6},"end":{"line":88,"column":33}},"45":{"start":{"line":89,"column":6},"end":{"line":89,"column":43}},"46":{"start":{"line":90,"column":6},"end":{"line":90,"column":41}},"47":{"start":{"line":91,"column":6},"end":{"line":91,"column":41}},"48":{"start":{"line":93,"column":6},"end":{"line":100,"column":11}},"49":{"start":{"line":96,"column":10},"end":{"line":96,"column":38}},"50":{"start":{"line":99,"column":10},"end":{"line":99,"column":64}},"51":{"start":{"line":107,"column":2},"end":{"line":119,"column":3}},"52":{"start":{"line":108,"column":18},"end":{"line":108,"column":53}},"53":{"start":{"line":111,"column":4},"end":{"line":113,"column":5}},"54":{"start":{"line":112,"column":6},"end":{"line":112,"column":62}},"55":{"start":{"line":114,"column":4},"end":{"line":114,"column":25}},"56":{"start":{"line":115,"column":4},"end":{"line":115,"column":39}},"57":{"start":{"line":117,"column":4},"end":{"line":117,"column":31}},"58":{"start":{"line":118,"column":4},"end":{"line":118,"column":41}},"59":{"start":{"line":123,"column":20},"end":{"line":140,"column":1}},"60":{"start":{"line":124,"column":13},"end":{"line":124,"column":26}},"61":{"start":{"line":126,"column":2},"end":{"line":139,"column":3}},"62":{"start":{"line":127,"column":4},"end":{"line":135,"column":7}},"63":{"start":{"line":128,"column":6},"end":{"line":134,"column":9}},"64":{"start":{"line":137,"column":4},"end":{"line":137,"column":29}},"65":{"start":{"line":138,"column":4},"end":{"line":138,"column":38}},"66":{"start":{"line":142,"column":0},"end":{"line":151,"column":2}}},"fnMap":{"0":{"name":"allUsers","decl":{"start":{"line":11,"column":15},"end":{"line":11,"column":23}},"loc":{"start":{"line":11,"column":34},"end":{"line":21,"column":1}},"line":11},"1":{"name":"allAppointments","decl":{"start":{"line":25,"column":15},"end":{"line":25,"column":30}},"loc":{"start":{"line":25,"column":41},"end":{"line":45,"column":1}},"line":25},"2":{"name":"(anonymous_2)","decl":{"start":{"line":26,"column":31},"end":{"line":26,"column":32}},"loc":{"start":{"line":26,"column":37},"end":{"line":33,"column":3}},"line":26},"3":{"name":"(anonymous_3)","decl":{"start":{"line":29,"column":55},"end":{"line":29,"column":56}},"loc":{"start":{"line":29,"column":70},"end":{"line":32,"column":5}},"line":29},"4":{"name":"staffs","decl":{"start":{"line":48,"column":9},"end":{"line":48,"column":15}},"loc":{"start":{"line":48,"column":26},"end":{"line":56,"column":1}},"line":48},"5":{"name":"(anonymous_5)","decl":{"start":{"line":49,"column":13},"end":{"line":49,"column":14}},"loc":{"start":{"line":49,"column":35},"end":{"line":55,"column":3}},"line":49},"6":{"name":"addStaff","decl":{"start":{"line":59,"column":15},"end":{"line":59,"column":23}},"loc":{"start":{"line":59,"column":34},"end":{"line":73,"column":1}},"line":59},"7":{"name":"editStaff","decl":{"start":{"line":76,"column":9},"end":{"line":76,"column":18}},"loc":{"start":{"line":76,"column":29},"end":{"line":81,"column":1}},"line":76},"8":{"name":"(anonymous_8)","decl":{"start":{"line":78,"column":21},"end":{"line":78,"column":22}},"loc":{"start":{"line":78,"column":42},"end":{"line":80,"column":3}},"line":78},"9":{"name":"updateStaff","decl":{"start":{"line":84,"column":9},"end":{"line":84,"column":20}},"loc":{"start":{"line":84,"column":31},"end":{"line":103,"column":1}},"line":84},"10":{"name":"(anonymous_10)","decl":{"start":{"line":85,"column":32},"end":{"line":85,"column":33}},"loc":{"start":{"line":85,"column":53},"end":{"line":102,"column":3}},"line":85},"11":{"name":"(anonymous_11)","decl":{"start":{"line":95,"column":14},"end":{"line":95,"column":15}},"loc":{"start":{"line":95,"column":23},"end":{"line":97,"column":9}},"line":95},"12":{"name":"(anonymous_12)","decl":{"start":{"line":98,"column":15},"end":{"line":98,"column":16}},"loc":{"start":{"line":98,"column":22},"end":{"line":100,"column":9}},"line":98},"13":{"name":"deleteStaff","decl":{"start":{"line":106,"column":15},"end":{"line":106,"column":26}},"loc":{"start":{"line":106,"column":37},"end":{"line":120,"column":1}},"line":106},"14":{"name":"(anonymous_14)","decl":{"start":{"line":123,"column":20},"end":{"line":123,"column":21}},"loc":{"start":{"line":123,"column":40},"end":{"line":140,"column":1}},"line":123},"15":{"name":"(anonymous_15)","decl":{"start":{"line":127,"column":33},"end":{"line":127,"column":34}},"loc":{"start":{"line":127,"column":41},"end":{"line":135,"column":5}},"line":127}},"branchMap":{"0":{"loc":{"start":{"line":30,"column":5},"end":{"line":30,"column":30}},"type":"if","locations":[{"start":{"line":30,"column":5},"end":{"line":30,"column":30}},{"start":{"line":30,"column":5},"end":{"line":30,"column":30}}],"line":30},"1":{"loc":{"start":{"line":50,"column":4},"end":{"line":54,"column":5}},"type":"if","locations":[{"start":{"line":50,"column":4},"end":{"line":54,"column":5}},{"start":{"line":50,"column":4},"end":{"line":54,"column":5}}],"line":50},"2":{"loc":{"start":{"line":86,"column":4},"end":{"line":101,"column":5}},"type":"if","locations":[{"start":{"line":86,"column":4},"end":{"line":101,"column":5}},{"start":{"line":86,"column":4},"end":{"line":101,"column":5}}],"line":86},"3":{"loc":{"start":{"line":111,"column":4},"end":{"line":113,"column":5}},"type":"if","locations":[{"start":{"line":111,"column":4},"end":{"line":113,"column":5}},{"start":{"line":111,"column":4},"end":{"line":113,"column":5}}],"line":111},"4":{"loc":{"start":{"line":111,"column":8},"end":{"line":111,"column":59}},"type":"binary-expr","locations":[{"start":{"line":111,"column":8},"end":{"line":111,"column":49}},{"start":{"line":111,"column":53},"end":{"line":111,"column":59}}],"line":111}},"s":{"0":8,"1":8,"2":8,"3":8,"4":8,"5":0,"6":0,"7":0,"8":0,"9":0,"10":0,"11":0,"12":0,"13":0,"14":0,"15":0,"16":0,"17":0,"18":0,"19":0,"20":0,"21":0,"22":0,"23":0,"24":0,"25":0,"26":0,"27":0,"28":1,"29":1,"30":0,"31":1,"32":0,"33":0,"34":0,"35":0,"36":0,"37":0,"38":0,"39":0,"40":0,"41":0,"42":0,"43":0,"44":0,"45":0,"46":0,"47":0,"48":0,"49":0,"50":0,"51":0,"52":0,"53":0,"54":0,"55":0,"56":0,"57":0,"58":0,"59":8,"60":0,"61":0,"62":0,"63":0,"64":0,"65":0,"66":8},"f":{"0":0,"1":0,"2":0,"3":0,"4":1,"5":1,"6":0,"7":0,"8":0,"9":0,"10":0,"11":0,"12":0,"13":0,"14":0,"15":0},"b":{"0":[0,0],"1":[0,1],"2":[0,0],"3":[0,0],"4":[0,0]},"_coverageSchema":"43e27e138ebf9cfc5966b082cf9a028302ed4184","hash":"a5736e547abe66e664a6a8de362fd7c98b3771f7"}
,"/Users/nhan.dang/Coder_Academy/NhanDang_T3A2/GP-Back/controllers/appointment.js": {"path":"/Users/nhan.dang/Coder_Academy/NhanDang_T3A2/GP-Back/controllers/appointment.js","statementMap":{"0":{"start":{"line":1,"column":20},"end":{"line":1,"column":52}},"1":{"start":{"line":2,"column":17},"end":{"line":2,"column":36}},"2":{"start":{"line":6,"column":2},"end":{"line":25,"column":3}},"3":{"start":{"line":7,"column":68},"end":{"line":7,"column":76}},"4":{"start":{"line":9,"column":25},"end":{"line":17,"column":6}},"5":{"start":{"line":19,"column":4},"end":{"line":19,"column":46}},"6":{"start":{"line":21,"column":4},"end":{"line":21,"column":37}},"7":{"start":{"line":23,"column":4},"end":{"line":23,"column":28}},"8":{"start":{"line":24,"column":4},"end":{"line":24,"column":38}},"9":{"start":{"line":31,"column":1},"end":{"line":40,"column":2}},"10":{"start":{"line":32,"column":16},"end":{"line":32,"column":33}},"11":{"start":{"line":33,"column":16},"end":{"line":33,"column":95}},"12":{"start":{"line":34,"column":2},"end":{"line":34,"column":34}},"13":{"start":{"line":35,"column":24},"end":{"line":35,"column":35}},"14":{"start":{"line":36,"column":2},"end":{"line":36,"column":25}},"15":{"start":{"line":38,"column":3},"end":{"line":38,"column":20}},"16":{"start":{"line":39,"column":3},"end":{"line":39,"column":36}},"17":{"start":{"line":45,"column":4},"end":{"line":54,"column":7}},"18":{"start":{"line":46,"column":6},"end":{"line":53,"column":7}},"19":{"start":{"line":47,"column":8},"end":{"line":47,"column":27}},"20":{"start":{"line":49,"column":8},"end":{"line":51,"column":11}},"21":{"start":{"line":57,"column":0},"end":{"line":57,"column":75}}},"fnMap":{"0":{"name":"newAppointment","decl":{"start":{"line":5,"column":15},"end":{"line":5,"column":29}},"loc":{"start":{"line":5,"column":41},"end":{"line":26,"column":1}},"line":5},"1":{"name":"getAppointmentsByUser","decl":{"start":{"line":30,"column":15},"end":{"line":30,"column":36}},"loc":{"start":{"line":30,"column":48},"end":{"line":41,"column":1}},"line":30},"2":{"name":"cancelAppointment","decl":{"start":{"line":44,"column":15},"end":{"line":44,"column":32}},"loc":{"start":{"line":44,"column":50},"end":{"line":55,"column":1}},"line":44},"3":{"name":"(anonymous_3)","decl":{"start":{"line":45,"column":75},"end":{"line":45,"column":76}},"loc":{"start":{"line":45,"column":99},"end":{"line":54,"column":5}},"line":45}},"branchMap":{"0":{"loc":{"start":{"line":46,"column":6},"end":{"line":53,"column":7}},"type":"if","locations":[{"start":{"line":46,"column":6},"end":{"line":53,"column":7}},{"start":{"line":46,"column":6},"end":{"line":53,"column":7}}],"line":46}},"s":{"0":8,"1":8,"2":2,"3":2,"4":2,"5":2,"6":1,"7":1,"8":1,"9":0,"10":0,"11":0,"12":0,"13":0,"14":0,"15":0,"16":0,"17":2,"18":2,"19":1,"20":1,"21":8},"f":{"0":2,"1":0,"2":2,"3":2},"b":{"0":[1,1]},"_coverageSchema":"43e27e138ebf9cfc5966b082cf9a028302ed4184","hash":"0a89948eecd909defdd40667ddb0c46e16f094d1"}
,"/Users/nhan.dang/Coder_Academy/NhanDang_T3A2/GP-Back/controllers/index.js": {"path":"/Users/nhan.dang/Coder_Academy/NhanDang_T3A2/GP-Back/controllers/index.js","statementMap":{"0":{"start":{"line":1,"column":14},"end":{"line":3,"column":1}},"1":{"start":{"line":2,"column":2},"end":{"line":2,"column":35}},"2":{"start":{"line":5,"column":0},"end":{"line":5,"column":23}}},"fnMap":{"0":{"name":"(anonymous_0)","decl":{"start":{"line":1,"column":14},"end":{"line":1,"column":15}},"loc":{"start":{"line":1,"column":27},"end":{"line":3,"column":1}},"line":1}},"branchMap":{},"s":{"0":8,"1":0,"2":8},"f":{"0":0},"b":{},"_coverageSchema":"43e27e138ebf9cfc5966b082cf9a028302ed4184","hash":"68cb6b1dc5bc8322195a5f3abd86b2cab8766c24"}
,"/Users/nhan.dang/Coder_Academy/NhanDang_T3A2/GP-Back/controllers/mail.js": {"path":"/Users/nhan.dang/Coder_Academy/NhanDang_T3A2/GP-Back/controllers/mail.js","statementMap":{"0":{"start":{"line":1,"column":19},"end":{"line":1,"column":40}},"1":{"start":{"line":2,"column":15},"end":{"line":2,"column":32}},"2":{"start":{"line":3,"column":15},"end":{"line":3,"column":41}},"3":{"start":{"line":4,"column":16},"end":{"line":4,"column":44}},"4":{"start":{"line":5,"column":0},"end":{"line":5,"column":27}},"5":{"start":{"line":8,"column":18},"end":{"line":17,"column":2}},"6":{"start":{"line":20,"column":13},"end":{"line":58,"column":1}},"7":{"start":{"line":21,"column":2},"end":{"line":57,"column":3}},"8":{"start":{"line":22,"column":19},"end":{"line":34,"column":5}},"9":{"start":{"line":37,"column":22},"end":{"line":43,"column":5}},"10":{"start":{"line":46,"column":4},"end":{"line":54,"column":7}},"11":{"start":{"line":47,"column":6},"end":{"line":49,"column":7}},"12":{"start":{"line":48,"column":8},"end":{"line":48,"column":34}},"13":{"start":{"line":50,"column":6},"end":{"line":50,"column":54}},"14":{"start":{"line":51,"column":6},"end":{"line":51,"column":73}},"15":{"start":{"line":53,"column":6},"end":{"line":53,"column":64}},"16":{"start":{"line":56,"column":4},"end":{"line":56,"column":25}},"17":{"start":{"line":61,"column":22},"end":{"line":77,"column":1}},"18":{"start":{"line":62,"column":2},"end":{"line":76,"column":3}},"19":{"start":{"line":63,"column":22},"end":{"line":63,"column":30}},"20":{"start":{"line":64,"column":15},"end":{"line":64,"column":23}},"21":{"start":{"line":65,"column":4},"end":{"line":70,"column":7}},"22":{"start":{"line":71,"column":4},"end":{"line":71,"column":32}},"23":{"start":{"line":72,"column":4},"end":{"line":72,"column":26}},"24":{"start":{"line":73,"column":4},"end":{"line":73,"column":54}},"25":{"start":{"line":75,"column":4},"end":{"line":75,"column":38}},"26":{"start":{"line":80,"column":20},"end":{"line":113,"column":1}},"27":{"start":{"line":81,"column":2},"end":{"line":112,"column":3}},"28":{"start":{"line":82,"column":69},"end":{"line":82,"column":77}},"29":{"start":{"line":83,"column":24},"end":{"line":83,"column":70}},"30":{"start":{"line":85,"column":19},"end":{"line":100,"column":3}},"31":{"start":{"line":101,"column":4},"end":{"line":107,"column":7}},"32":{"start":{"line":108,"column":4},"end":{"line":108,"column":26}},"33":{"start":{"line":110,"column":4},"end":{"line":110,"column":29}},"34":{"start":{"line":111,"column":4},"end":{"line":111,"column":38}},"35":{"start":{"line":116,"column":26},"end":{"line":147,"column":1}},"36":{"start":{"line":117,"column":2},"end":{"line":146,"column":3}},"37":{"start":{"line":118,"column":69},"end":{"line":118,"column":77}},"38":{"start":{"line":119,"column":24},"end":{"line":119,"column":70}},"39":{"start":{"line":121,"column":19},"end":{"line":134,"column":3}},"40":{"start":{"line":135,"column":4},"end":{"line":141,"column":7}},"41":{"start":{"line":142,"column":4},"end":{"line":142,"column":26}},"42":{"start":{"line":144,"column":4},"end":{"line":144,"column":29}},"43":{"start":{"line":145,"column":4},"end":{"line":145,"column":38}},"44":{"start":{"line":148,"column":0},"end":{"line":148,"column":73}}},"fnMap":{"0":{"name":"(anonymous_0)","decl":{"start":{"line":20,"column":13},"end":{"line":20,"column":14}},"loc":{"start":{"line":20,"column":27},"end":{"line":58,"column":1}},"line":20},"1":{"name":"(anonymous_1)","decl":{"start":{"line":46,"column":38},"end":{"line":46,"column":39}},"loc":{"start":{"line":46,"column":55},"end":{"line":54,"column":5}},"line":46},"2":{"name":"(anonymous_2)","decl":{"start":{"line":61,"column":22},"end":{"line":61,"column":23}},"loc":{"start":{"line":61,"column":42},"end":{"line":77,"column":1}},"line":61},"3":{"name":"(anonymous_3)","decl":{"start":{"line":80,"column":20},"end":{"line":80,"column":21}},"loc":{"start":{"line":80,"column":40},"end":{"line":113,"column":1}},"line":80},"4":{"name":"(anonymous_4)","decl":{"start":{"line":116,"column":26},"end":{"line":116,"column":27}},"loc":{"start":{"line":116,"column":46},"end":{"line":147,"column":1}},"line":116}},"branchMap":{"0":{"loc":{"start":{"line":47,"column":6},"end":{"line":49,"column":7}},"type":"if","locations":[{"start":{"line":47,"column":6},"end":{"line":49,"column":7}},{"start":{"line":47,"column":6},"end":{"line":49,"column":7}}],"line":47}},"s":{"0":8,"1":8,"2":8,"3":8,"4":8,"5":8,"6":8,"7":0,"8":0,"9":0,"10":0,"11":0,"12":0,"13":0,"14":0,"15":0,"16":0,"17":8,"18":0,"19":0,"20":0,"21":0,"22":0,"23":0,"24":0,"25":0,"26":8,"27":1,"28":1,"29":1,"30":0,"31":0,"32":0,"33":1,"34":1,"35":8,"36":1,"37":1,"38":1,"39":0,"40":0,"41":0,"42":1,"43":1,"44":8},"f":{"0":0,"1":0,"2":0,"3":1,"4":1},"b":{"0":[0,0]},"_coverageSchema":"43e27e138ebf9cfc5966b082cf9a028302ed4184","hash":"2736cf05599b8d82a01aff15796ca8e1d5188220"}
,"/Users/nhan.dang/Coder_Academy/NhanDang_T3A2/GP-Back/controllers/openingHours.js": {"path":"/Users/nhan.dang/Coder_Academy/NhanDang_T3A2/GP-Back/controllers/openingHours.js","statementMap":{"0":{"start":{"line":1,"column":21},"end":{"line":1,"column":54}},"1":{"start":{"line":3,"column":14},"end":{"line":6,"column":1}},"2":{"start":{"line":4,"column":16},"end":{"line":4,"column":64}},"3":{"start":{"line":5,"column":2},"end":{"line":5,"column":18}},"4":{"start":{"line":8,"column":13},"end":{"line":15,"column":1}},"5":{"start":{"line":9,"column":2},"end":{"line":14,"column":3}},"6":{"start":{"line":10,"column":18},"end":{"line":10,"column":60}},"7":{"start":{"line":11,"column":4},"end":{"line":11,"column":20}},"8":{"start":{"line":13,"column":4},"end":{"line":13,"column":38}},"9":{"start":{"line":17,"column":15},"end":{"line":34,"column":1}},"10":{"start":{"line":18,"column":2},"end":{"line":33,"column":3}},"11":{"start":{"line":19,"column":4},"end":{"line":19,"column":36}},"12":{"start":{"line":20,"column":18},"end":{"line":20,"column":41}},"13":{"start":{"line":21,"column":17},"end":{"line":21,"column":38}},"14":{"start":{"line":22,"column":17},"end":{"line":28,"column":6}},"15":{"start":{"line":23,"column":6},"end":{"line":27,"column":8}},"16":{"start":{"line":29,"column":4},"end":{"line":29,"column":40}},"17":{"start":{"line":30,"column":4},"end":{"line":30,"column":14}},"18":{"start":{"line":32,"column":4},"end":{"line":32,"column":38}},"19":{"start":{"line":36,"column":0},"end":{"line":40,"column":2}}},"fnMap":{"0":{"name":"(anonymous_0)","decl":{"start":{"line":3,"column":14},"end":{"line":3,"column":15}},"loc":{"start":{"line":3,"column":34},"end":{"line":6,"column":1}},"line":3},"1":{"name":"(anonymous_1)","decl":{"start":{"line":8,"column":13},"end":{"line":8,"column":14}},"loc":{"start":{"line":8,"column":33},"end":{"line":15,"column":1}},"line":8},"2":{"name":"(anonymous_2)","decl":{"start":{"line":17,"column":15},"end":{"line":17,"column":16}},"loc":{"start":{"line":17,"column":41},"end":{"line":34,"column":1}},"line":17},"3":{"name":"(anonymous_3)","decl":{"start":{"line":22,"column":27},"end":{"line":22,"column":28}},"loc":{"start":{"line":22,"column":44},"end":{"line":28,"column":5}},"line":22}},"branchMap":{},"s":{"0":8,"1":8,"2":1,"3":1,"4":8,"5":0,"6":0,"7":0,"8":0,"9":8,"10":0,"11":0,"12":0,"13":0,"14":0,"15":0,"16":0,"17":0,"18":0,"19":8},"f":{"0":1,"1":0,"2":0,"3":0},"b":{},"_coverageSchema":"43e27e138ebf9cfc5966b082cf9a028302ed4184","hash":"02eb83a3b18245ea978874f3f2c4b3ad04799e62"}
,"/Users/nhan.dang/Coder_Academy/NhanDang_T3A2/GP-Back/controllers/service.js": {"path":"/Users/nhan.dang/Coder_Academy/NhanDang_T3A2/GP-Back/controllers/service.js","statementMap":{"0":{"start":{"line":1,"column":16},"end":{"line":1,"column":44}},"1":{"start":{"line":3,"column":14},"end":{"line":6,"column":1}},"2":{"start":{"line":4,"column":19},"end":{"line":4,"column":39}},"3":{"start":{"line":5,"column":2},"end":{"line":5,"column":21}},"4":{"start":{"line":9,"column":2},"end":{"line":14,"column":3}},"5":{"start":{"line":10,"column":20},"end":{"line":10,"column":57}},"6":{"start":{"line":11,"column":4},"end":{"line":11,"column":22}},"7":{"start":{"line":13,"column":4},"end":{"line":13,"column":38}},"8":{"start":{"line":18,"column":2},"end":{"line":33,"column":3}},"9":{"start":{"line":19,"column":58},"end":{"line":19,"column":66}},"10":{"start":{"line":20,"column":23},"end":{"line":24,"column":6}},"11":{"start":{"line":26,"column":25},"end":{"line":26,"column":48}},"12":{"start":{"line":27,"column":4},"end":{"line":29,"column":80}},"13":{"start":{"line":29,"column":18},"end":{"line":29,"column":51}},"14":{"start":{"line":31,"column":4},"end":{"line":31,"column":29}},"15":{"start":{"line":32,"column":4},"end":{"line":32,"column":34}},"16":{"start":{"line":36,"column":16},"end":{"line":46,"column":1}},"17":{"start":{"line":37,"column":2},"end":{"line":45,"column":5}},"18":{"start":{"line":38,"column":4},"end":{"line":44,"column":5}},"19":{"start":{"line":39,"column":6},"end":{"line":39,"column":25}},"20":{"start":{"line":41,"column":6},"end":{"line":43,"column":9}},"21":{"start":{"line":48,"column":15},"end":{"line":61,"column":1}},"22":{"start":{"line":49,"column":2},"end":{"line":60,"column":3}},"23":{"start":{"line":50,"column":27},"end":{"line":56,"column":5}},"24":{"start":{"line":57,"column":4},"end":{"line":57,"column":29}},"25":{"start":{"line":59,"column":4},"end":{"line":59,"column":38}},"26":{"start":{"line":63,"column":0},"end":{"line":69,"column":2}}},"fnMap":{"0":{"name":"(anonymous_0)","decl":{"start":{"line":3,"column":14},"end":{"line":3,"column":15}},"loc":{"start":{"line":3,"column":34},"end":{"line":6,"column":1}},"line":3},"1":{"name":"show","decl":{"start":{"line":8,"column":15},"end":{"line":8,"column":19}},"loc":{"start":{"line":8,"column":30},"end":{"line":15,"column":1}},"line":8},"2":{"name":"create","decl":{"start":{"line":17,"column":15},"end":{"line":17,"column":21}},"loc":{"start":{"line":17,"column":32},"end":{"line":34,"column":1}},"line":17},"3":{"name":"(anonymous_3)","decl":{"start":{"line":29,"column":12},"end":{"line":29,"column":13}},"loc":{"start":{"line":29,"column":18},"end":{"line":29,"column":51}},"line":29},"4":{"name":"(anonymous_4)","decl":{"start":{"line":36,"column":16},"end":{"line":36,"column":17}},"loc":{"start":{"line":36,"column":36},"end":{"line":46,"column":1}},"line":36},"5":{"name":"(anonymous_5)","decl":{"start":{"line":37,"column":43},"end":{"line":37,"column":44}},"loc":{"start":{"line":37,"column":60},"end":{"line":45,"column":3}},"line":37},"6":{"name":"(anonymous_6)","decl":{"start":{"line":48,"column":15},"end":{"line":48,"column":16}},"loc":{"start":{"line":48,"column":41},"end":{"line":61,"column":1}},"line":48}},"branchMap":{"0":{"loc":{"start":{"line":38,"column":4},"end":{"line":44,"column":5}},"type":"if","locations":[{"start":{"line":38,"column":4},"end":{"line":44,"column":5}},{"start":{"line":38,"column":4},"end":{"line":44,"column":5}}],"line":38}},"s":{"0":8,"1":8,"2":1,"3":1,"4":1,"5":1,"6":1,"7":0,"8":0,"9":0,"10":0,"11":0,"12":0,"13":0,"14":0,"15":0,"16":8,"17":0,"18":0,"19":0,"20":0,"21":8,"22":0,"23":0,"24":0,"25":0,"26":8},"f":{"0":1,"1":1,"2":0,"3":0,"4":0,"5":0,"6":0},"b":{"0":[0,0]},"_coverageSchema":"43e27e138ebf9cfc5966b082cf9a028302ed4184","hash":"faa04777237287cdcb40e5f480595b2b475f845c"}
,"/Users/nhan.dang/Coder_Academy/NhanDang_T3A2/GP-Back/controllers/token_middleware.js": {"path":"/Users/nhan.dang/Coder_Academy/NhanDang_T3A2/GP-Back/controllers/token_middleware.js","statementMap":{"0":{"start":{"line":1,"column":10},"end":{"line":1,"column":35}},"1":{"start":{"line":2,"column":21},"end":{"line":2,"column":45}},"2":{"start":{"line":3,"column":13},"end":{"line":3,"column":38}},"3":{"start":{"line":7,"column":19},"end":{"line":51,"column":1}},"4":{"start":{"line":10,"column":14},"end":{"line":11,"column":48}},"5":{"start":{"line":14,"column":2},"end":{"line":18,"column":3}},"6":{"start":{"line":17,"column":4},"end":{"line":17,"column":43}},"7":{"start":{"line":20,"column":2},"end":{"line":50,"column":3}},"8":{"start":{"line":23,"column":4},"end":{"line":40,"column":8}},"9":{"start":{"line":25,"column":6},"end":{"line":39,"column":7}},"10":{"start":{"line":27,"column":8},"end":{"line":27,"column":44}},"11":{"start":{"line":28,"column":8},"end":{"line":32,"column":12}},"12":{"start":{"line":36,"column":8},"end":{"line":36,"column":30}},"13":{"start":{"line":37,"column":8},"end":{"line":37,"column":15}},"14":{"start":{"line":44,"column":4},"end":{"line":48,"column":8}},"15":{"start":{"line":54,"column":27},"end":{"line":68,"column":1}},"16":{"start":{"line":55,"column":2},"end":{"line":67,"column":3}},"17":{"start":{"line":56,"column":20},"end":{"line":56,"column":31}},"18":{"start":{"line":57,"column":17},"end":{"line":59,"column":6}},"19":{"start":{"line":60,"column":4},"end":{"line":64,"column":5}},"20":{"start":{"line":61,"column":6},"end":{"line":61,"column":49}},"21":{"start":{"line":63,"column":6},"end":{"line":63,"column":28}},"22":{"start":{"line":66,"column":4},"end":{"line":66,"column":37}},"23":{"start":{"line":70,"column":0},"end":{"line":73,"column":1}}},"fnMap":{"0":{"name":"(anonymous_0)","decl":{"start":{"line":7,"column":19},"end":{"line":7,"column":20}},"loc":{"start":{"line":8,"column":0},"end":{"line":51,"column":1}},"line":8},"1":{"name":"(anonymous_1)","decl":{"start":{"line":23,"column":37},"end":{"line":23,"column":38}},"loc":{"start":{"line":24,"column":4},"end":{"line":40,"column":5}},"line":24},"2":{"name":"(anonymous_2)","decl":{"start":{"line":54,"column":27},"end":{"line":54,"column":28}},"loc":{"start":{"line":54,"column":47},"end":{"line":68,"column":1}},"line":54}},"branchMap":{"0":{"loc":{"start":{"line":10,"column":14},"end":{"line":11,"column":48}},"type":"binary-expr","locations":[{"start":{"line":10,"column":14},"end":{"line":10,"column":43}},{"start":{"line":11,"column":14},"end":{"line":11,"column":42}},{"start":{"line":11,"column":46},"end":{"line":11,"column":48}}],"line":10},"1":{"loc":{"start":{"line":14,"column":2},"end":{"line":18,"column":3}},"type":"if","locations":[{"start":{"line":14,"column":2},"end":{"line":18,"column":3}},{"start":{"line":14,"column":2},"end":{"line":18,"column":3}}],"line":14},"2":{"loc":{"start":{"line":20,"column":2},"end":{"line":50,"column":3}},"type":"if","locations":[{"start":{"line":20,"column":2},"end":{"line":50,"column":3}},{"start":{"line":20,"column":2},"end":{"line":50,"column":3}}],"line":20},"3":{"loc":{"start":{"line":25,"column":6},"end":{"line":39,"column":7}},"type":"if","locations":[{"start":{"line":25,"column":6},"end":{"line":39,"column":7}},{"start":{"line":25,"column":6},"end":{"line":39,"column":7}}],"line":25},"4":{"loc":{"start":{"line":60,"column":4},"end":{"line":64,"column":5}},"type":"if","locations":[{"start":{"line":60,"column":4},"end":{"line":64,"column":5}},{"start":{"line":60,"column":4},"end":{"line":64,"column":5}}],"line":60}},"s":{"0":8,"1":8,"2":8,"3":8,"4":27,"5":27,"6":0,"7":27,"8":0,"9":0,"10":0,"11":0,"12":0,"13":0,"14":27,"15":8,"16":0,"17":0,"18":0,"19":0,"20":0,"21":0,"22":0,"23":8},"f":{"0":27,"1":0,"2":0},"b":{"0":[27,27,27],"1":[0,27],"2":[0,27],"3":[0,0],"4":[0,0]},"_coverageSchema":"43e27e138ebf9cfc5966b082cf9a028302ed4184","hash":"c0fe024ce63a575ac34e77dcc4541cc5b1b0e9cd"}
,"/Users/nhan.dang/Coder_Academy/NhanDang_T3A2/GP-Back/controllers/users.js": {"path":"/Users/nhan.dang/Coder_Academy/NhanDang_T3A2/GP-Back/controllers/users.js","statementMap":{"0":{"start":{"line":1,"column":13},"end":{"line":1,"column":38}},"1":{"start":{"line":2,"column":12},"end":{"line":2,"column":35}},"2":{"start":{"line":3,"column":15},"end":{"line":3,"column":34}},"3":{"start":{"line":6,"column":21},"end":{"line":8,"column":1}},"4":{"start":{"line":7,"column":2},"end":{"line":7,"column":41}},"5":{"start":{"line":11,"column":24},"end":{"line":13,"column":1}},"6":{"start":{"line":12,"column":2},"end":{"line":12,"column":56}},"7":{"start":{"line":15,"column":21},"end":{"line":15,"column":45}},"8":{"start":{"line":18,"column":20},"end":{"line":20,"column":1}},"9":{"start":{"line":19,"column":2},"end":{"line":19,"column":72}},"10":{"start":{"line":24,"column":2},"end":{"line":43,"column":3}},"11":{"start":{"line":25,"column":60},"end":{"line":25,"column":68}},"12":{"start":{"line":26,"column":27},"end":{"line":26,"column":55}},"13":{"start":{"line":27,"column":18},"end":{"line":34,"column":6}},"14":{"start":{"line":35,"column":4},"end":{"line":35,"column":32}},"15":{"start":{"line":36,"column":18},"end":{"line":36,"column":35}},"16":{"start":{"line":37,"column":4},"end":{"line":38,"column":25}},"17":{"start":{"line":41,"column":4},"end":{"line":41,"column":28}},"18":{"start":{"line":42,"column":4},"end":{"line":42,"column":32}},"19":{"start":{"line":48,"column":2},"end":{"line":69,"column":3}},"20":{"start":{"line":49,"column":32},"end":{"line":49,"column":40}},"21":{"start":{"line":50,"column":17},"end":{"line":52,"column":6}},"22":{"start":{"line":53,"column":4},"end":{"line":66,"column":5}},"23":{"start":{"line":54,"column":30},"end":{"line":54,"column":76}},"24":{"start":{"line":55,"column":6},"end":{"line":63,"column":7}},"25":{"start":{"line":56,"column":8},"end":{"line":56,"column":34}},"26":{"start":{"line":57,"column":22},"end":{"line":57,"column":39}},"27":{"start":{"line":58,"column":8},"end":{"line":59,"column":29}},"28":{"start":{"line":61,"column":8},"end":{"line":61,"column":38}},"29":{"start":{"line":62,"column":8},"end":{"line":62,"column":60}},"30":{"start":{"line":65,"column":6},"end":{"line":65,"column":58}},"31":{"start":{"line":68,"column":4},"end":{"line":68,"column":68}},"32":{"start":{"line":74,"column":2},"end":{"line":95,"column":3}},"33":{"start":{"line":75,"column":30},"end":{"line":75,"column":38}},"34":{"start":{"line":76,"column":4},"end":{"line":78,"column":5}},"35":{"start":{"line":77,"column":6},"end":{"line":77,"column":51}},"36":{"start":{"line":79,"column":17},"end":{"line":81,"column":6}},"37":{"start":{"line":82,"column":4},"end":{"line":92,"column":5}},"38":{"start":{"line":83,"column":6},"end":{"line":83,"column":51}},"39":{"start":{"line":85,"column":29},"end":{"line":85,"column":57}},"40":{"start":{"line":86,"column":6},"end":{"line":86,"column":37}},"41":{"start":{"line":87,"column":6},"end":{"line":87,"column":32}},"42":{"start":{"line":88,"column":6},"end":{"line":88,"column":24}},"43":{"start":{"line":89,"column":20},"end":{"line":89,"column":37}},"44":{"start":{"line":90,"column":6},"end":{"line":91,"column":27}},"45":{"start":{"line":94,"column":4},"end":{"line":94,"column":37}},"46":{"start":{"line":99,"column":17},"end":{"line":123,"column":1}},"47":{"start":{"line":101,"column":16},"end":{"line":101,"column":33}},"48":{"start":{"line":104,"column":2},"end":{"line":122,"column":3}},"49":{"start":{"line":105,"column":17},"end":{"line":118,"column":5}},"50":{"start":{"line":109,"column":6},"end":{"line":116,"column":8}},"51":{"start":{"line":120,"column":4},"end":{"line":120,"column":28}},"52":{"start":{"line":121,"column":4},"end":{"line":121,"column":37}},"53":{"start":{"line":126,"column":17},"end":{"line":149,"column":1}},"54":{"start":{"line":127,"column":2},"end":{"line":148,"column":3}},"55":{"start":{"line":128,"column":19},"end":{"line":128,"column":39}},"56":{"start":{"line":129,"column":46},"end":{"line":129,"column":54}},"57":{"start":{"line":130,"column":22},"end":{"line":135,"column":3}},"58":{"start":{"line":136,"column":4},"end":{"line":143,"column":4}},"59":{"start":{"line":137,"column":21},"end":{"line":142,"column":6}},"60":{"start":{"line":146,"column":4},"end":{"line":146,"column":29}},"61":{"start":{"line":147,"column":4},"end":{"line":147,"column":38}},"62":{"start":{"line":151,"column":0},"end":{"line":151,"column":72}}},"fnMap":{"0":{"name":"(anonymous_0)","decl":{"start":{"line":6,"column":21},"end":{"line":6,"column":22}},"loc":{"start":{"line":6,"column":39},"end":{"line":8,"column":1}},"line":6},"1":{"name":"(anonymous_1)","decl":{"start":{"line":11,"column":24},"end":{"line":11,"column":25}},"loc":{"start":{"line":11,"column":60},"end":{"line":13,"column":1}},"line":11},"2":{"name":"(anonymous_2)","decl":{"start":{"line":18,"column":20},"end":{"line":18,"column":21}},"loc":{"start":{"line":18,"column":42},"end":{"line":20,"column":1}},"line":18},"3":{"name":"register","decl":{"start":{"line":23,"column":15},"end":{"line":23,"column":23}},"loc":{"start":{"line":23,"column":34},"end":{"line":44,"column":1}},"line":23},"4":{"name":"login","decl":{"start":{"line":47,"column":15},"end":{"line":47,"column":20}},"loc":{"start":{"line":47,"column":31},"end":{"line":70,"column":1}},"line":47},"5":{"name":"resetPassword","decl":{"start":{"line":73,"column":15},"end":{"line":73,"column":28}},"loc":{"start":{"line":73,"column":39},"end":{"line":96,"column":1}},"line":73},"6":{"name":"(anonymous_6)","decl":{"start":{"line":99,"column":17},"end":{"line":99,"column":18}},"loc":{"start":{"line":99,"column":37},"end":{"line":123,"column":1}},"line":99},"7":{"name":"(anonymous_7)","decl":{"start":{"line":108,"column":10},"end":{"line":108,"column":11}},"loc":{"start":{"line":108,"column":20},"end":{"line":117,"column":5}},"line":108},"8":{"name":"(anonymous_8)","decl":{"start":{"line":126,"column":17},"end":{"line":126,"column":18}},"loc":{"start":{"line":126,"column":37},"end":{"line":149,"column":1}},"line":126},"9":{"name":"(anonymous_9)","decl":{"start":{"line":137,"column":10},"end":{"line":137,"column":11}},"loc":{"start":{"line":137,"column":20},"end":{"line":143,"column":3}},"line":137}},"branchMap":{"0":{"loc":{"start":{"line":53,"column":4},"end":{"line":66,"column":5}},"type":"if","locations":[{"start":{"line":53,"column":4},"end":{"line":66,"column":5}},{"start":{"line":53,"column":4},"end":{"line":66,"column":5}}],"line":53},"1":{"loc":{"start":{"line":55,"column":6},"end":{"line":63,"column":7}},"type":"if","locations":[{"start":{"line":55,"column":6},"end":{"line":63,"column":7}},{"start":{"line":55,"column":6},"end":{"line":63,"column":7}}],"line":55},"2":{"loc":{"start":{"line":76,"column":4},"end":{"line":78,"column":5}},"type":"if","locations":[{"start":{"line":76,"column":4},"end":{"line":78,"column":5}},{"start":{"line":76,"column":4},"end":{"line":78,"column":5}}],"line":76},"3":{"loc":{"start":{"line":82,"column":4},"end":{"line":92,"column":5}},"type":"if","locations":[{"start":{"line":82,"column":4},"end":{"line":92,"column":5}},{"start":{"line":82,"column":4},"end":{"line":92,"column":5}}],"line":82}},"s":{"0":8,"1":8,"2":8,"3":8,"4":3,"5":8,"6":44,"7":8,"8":8,"9":43,"10":3,"11":3,"12":3,"13":2,"14":2,"15":0,"16":0,"17":3,"18":3,"19":47,"20":47,"21":47,"22":47,"23":44,"24":44,"25":43,"26":43,"27":43,"28":1,"29":1,"30":3,"31":0,"32":0,"33":0,"34":0,"35":0,"36":0,"37":0,"38":0,"39":0,"40":0,"41":0,"42":0,"43":0,"44":0,"45":0,"46":8,"47":0,"48":0,"49":0,"50":0,"51":0,"52":0,"53":8,"54":0,"55":0,"56":0,"57":0,"58":0,"59":0,"60":0,"61":0,"62":8},"f":{"0":3,"1":44,"2":43,"3":3,"4":47,"5":0,"6":0,"7":0,"8":0,"9":0},"b":{"0":[44,3],"1":[43,1],"2":[0,0],"3":[0,0]},"_coverageSchema":"43e27e138ebf9cfc5966b082cf9a028302ed4184","hash":"6062d7efbb1d501a1bd034f7f872fcc14fabbfd1"}
,"/Users/nhan.dang/Coder_Academy/NhanDang_T3A2/GP-Back/controllers/users_middleware.js": {"path":"/Users/nhan.dang/Coder_Academy/NhanDang_T3A2/GP-Back/controllers/users_middleware.js","statementMap":{"0":{"start":{"line":1,"column":13},"end":{"line":1,"column":38}},"1":{"start":{"line":4,"column":19},"end":{"line":10,"column":1}},"2":{"start":{"line":5,"column":2},"end":{"line":9,"column":3}},"3":{"start":{"line":6,"column":4},"end":{"line":6,"column":11}},"4":{"start":{"line":8,"column":4},"end":{"line":8,"column":49}},"5":{"start":{"line":13,"column":19},"end":{"line":24,"column":1}},"6":{"start":{"line":14,"column":18},"end":{"line":14,"column":26}},"7":{"start":{"line":15,"column":15},"end":{"line":17,"column":4}},"8":{"start":{"line":18,"column":2},"end":{"line":23,"column":3}},"9":{"start":{"line":19,"column":4},"end":{"line":19,"column":69}},"10":{"start":{"line":21,"column":4},"end":{"line":21,"column":20}},"11":{"start":{"line":22,"column":4},"end":{"line":22,"column":11}},"12":{"start":{"line":26,"column":0},"end":{"line":26,"column":41}}},"fnMap":{"0":{"name":"(anonymous_0)","decl":{"start":{"line":4,"column":19},"end":{"line":4,"column":20}},"loc":{"start":{"line":4,"column":39},"end":{"line":10,"column":1}},"line":4},"1":{"name":"(anonymous_1)","decl":{"start":{"line":13,"column":19},"end":{"line":13,"column":20}},"loc":{"start":{"line":13,"column":45},"end":{"line":24,"column":1}},"line":13}},"branchMap":{"0":{"loc":{"start":{"line":5,"column":2},"end":{"line":9,"column":3}},"type":"if","locations":[{"start":{"line":5,"column":2},"end":{"line":9,"column":3}},{"start":{"line":5,"column":2},"end":{"line":9,"column":3}}],"line":5},"1":{"loc":{"start":{"line":18,"column":2},"end":{"line":23,"column":3}},"type":"if","locations":[{"start":{"line":18,"column":2},"end":{"line":23,"column":3}},{"start":{"line":18,"column":2},"end":{"line":23,"column":3}}],"line":18}},"s":{"0":8,"1":8,"2":0,"3":0,"4":0,"5":8,"6":0,"7":0,"8":0,"9":0,"10":0,"11":0,"12":8},"f":{"0":0,"1":0},"b":{"0":[0,0],"1":[0,0]},"_coverageSchema":"43e27e138ebf9cfc5966b082cf9a028302ed4184","hash":"c6aa1e8ac7426213232fa4433d8195aa4feffda8"}
,"/Users/nhan.dang/Coder_Academy/NhanDang_T3A2/GP-Back/controllers/vaccine.js": {"path":"/Users/nhan.dang/Coder_Academy/NhanDang_T3A2/GP-Back/controllers/vaccine.js","statementMap":{"0":{"start":{"line":1,"column":16},"end":{"line":1,"column":45}},"1":{"start":{"line":3,"column":14},"end":{"line":6,"column":1}},"2":{"start":{"line":4,"column":19},"end":{"line":4,"column":74}},"3":{"start":{"line":5,"column":2},"end":{"line":5,"column":21}},"4":{"start":{"line":8,"column":13},"end":{"line":15,"column":1}},"5":{"start":{"line":9,"column":2},"end":{"line":14,"column":3}},"6":{"start":{"line":10,"column":20},"end":{"line":10,"column":57}},"7":{"start":{"line":11,"column":4},"end":{"line":11,"column":22}},"8":{"start":{"line":13,"column":4},"end":{"line":13,"column":38}},"9":{"start":{"line":17,"column":15},"end":{"line":35,"column":1}},"10":{"start":{"line":18,"column":2},"end":{"line":34,"column":3}},"11":{"start":{"line":19,"column":59},"end":{"line":19,"column":67}},"12":{"start":{"line":20,"column":23},"end":{"line":25,"column":6}},"13":{"start":{"line":27,"column":25},"end":{"line":27,"column":48}},"14":{"start":{"line":28,"column":4},"end":{"line":30,"column":80}},"15":{"start":{"line":30,"column":18},"end":{"line":30,"column":51}},"16":{"start":{"line":32,"column":4},"end":{"line":32,"column":29}},"17":{"start":{"line":33,"column":4},"end":{"line":33,"column":34}},"18":{"start":{"line":37,"column":16},"end":{"line":47,"column":1}},"19":{"start":{"line":38,"column":2},"end":{"line":46,"column":5}},"20":{"start":{"line":39,"column":4},"end":{"line":45,"column":5}},"21":{"start":{"line":40,"column":6},"end":{"line":40,"column":25}},"22":{"start":{"line":42,"column":6},"end":{"line":44,"column":9}},"23":{"start":{"line":49,"column":15},"end":{"line":62,"column":1}},"24":{"start":{"line":50,"column":2},"end":{"line":61,"column":3}},"25":{"start":{"line":51,"column":27},"end":{"line":57,"column":5}},"26":{"start":{"line":58,"column":4},"end":{"line":58,"column":29}},"27":{"start":{"line":60,"column":4},"end":{"line":60,"column":38}},"28":{"start":{"line":64,"column":0},"end":{"line":70,"column":2}}},"fnMap":{"0":{"name":"(anonymous_0)","decl":{"start":{"line":3,"column":14},"end":{"line":3,"column":15}},"loc":{"start":{"line":3,"column":34},"end":{"line":6,"column":1}},"line":3},"1":{"name":"(anonymous_1)","decl":{"start":{"line":8,"column":13},"end":{"line":8,"column":14}},"loc":{"start":{"line":8,"column":33},"end":{"line":15,"column":1}},"line":8},"2":{"name":"(anonymous_2)","decl":{"start":{"line":17,"column":15},"end":{"line":17,"column":16}},"loc":{"start":{"line":17,"column":35},"end":{"line":35,"column":1}},"line":17},"3":{"name":"(anonymous_3)","decl":{"start":{"line":30,"column":12},"end":{"line":30,"column":13}},"loc":{"start":{"line":30,"column":18},"end":{"line":30,"column":51}},"line":30},"4":{"name":"(anonymous_4)","decl":{"start":{"line":37,"column":16},"end":{"line":37,"column":17}},"loc":{"start":{"line":37,"column":36},"end":{"line":47,"column":1}},"line":37},"5":{"name":"(anonymous_5)","decl":{"start":{"line":38,"column":43},"end":{"line":38,"column":44}},"loc":{"start":{"line":38,"column":60},"end":{"line":46,"column":3}},"line":38},"6":{"name":"(anonymous_6)","decl":{"start":{"line":49,"column":15},"end":{"line":49,"column":16}},"loc":{"start":{"line":49,"column":41},"end":{"line":62,"column":1}},"line":49}},"branchMap":{"0":{"loc":{"start":{"line":39,"column":4},"end":{"line":45,"column":5}},"type":"if","locations":[{"start":{"line":39,"column":4},"end":{"line":45,"column":5}},{"start":{"line":39,"column":4},"end":{"line":45,"column":5}}],"line":39}},"s":{"0":8,"1":8,"2":1,"3":1,"4":8,"5":1,"6":1,"7":1,"8":0,"9":8,"10":0,"11":0,"12":0,"13":0,"14":0,"15":0,"16":0,"17":0,"18":8,"19":0,"20":0,"21":0,"22":0,"23":8,"24":0,"25":0,"26":0,"27":0,"28":8},"f":{"0":1,"1":1,"2":0,"3":0,"4":0,"5":0,"6":0},"b":{"0":[0,0]},"_coverageSchema":"43e27e138ebf9cfc5966b082cf9a028302ed4184","hash":"ddbb56e33f62d51d4f0832cb498d33b1d5594589"}
,"/Users/nhan.dang/Coder_Academy/NhanDang_T3A2/GP-Back/models/about.js": {"path":"/Users/nhan.dang/Coder_Academy/NhanDang_T3A2/GP-Back/models/about.js","statementMap":{"0":{"start":{"line":1,"column":17},"end":{"line":1,"column":36}},"1":{"start":{"line":2,"column":15},"end":{"line":2,"column":30}},"2":{"start":{"line":4,"column":20},"end":{"line":16,"column":1}},"3":{"start":{"line":18,"column":0},"end":{"line":18,"column":54}}},"fnMap":{},"branchMap":{},"s":{"0":8,"1":8,"2":8,"3":8},"f":{},"b":{},"_coverageSchema":"43e27e138ebf9cfc5966b082cf9a028302ed4184","hash":"a55651458fe8eb5fdef987fee8ae01a3624913a2"}
,"/Users/nhan.dang/Coder_Academy/NhanDang_T3A2/GP-Back/models/appointment.js": {"path":"/Users/nhan.dang/Coder_Academy/NhanDang_T3A2/GP-Back/models/appointment.js","statementMap":{"0":{"start":{"line":1,"column":17},"end":{"line":1,"column":36}},"1":{"start":{"line":2,"column":15},"end":{"line":2,"column":30}},"2":{"start":{"line":4,"column":26},"end":{"line":37,"column":53}},"3":{"start":{"line":39,"column":0},"end":{"line":39,"column":66}}},"fnMap":{},"branchMap":{},"s":{"0":8,"1":8,"2":8,"3":8},"f":{},"b":{},"_coverageSchema":"43e27e138ebf9cfc5966b082cf9a028302ed4184","hash":"95a2a43044ab917a2a9f76385915f936e76cc692"}
,"/Users/nhan.dang/Coder_Academy/NhanDang_T3A2/GP-Back/models/openingHours.js": {"path":"/Users/nhan.dang/Coder_Academy/NhanDang_T3A2/GP-Back/models/openingHours.js","statementMap":{"0":{"start":{"line":1,"column":17},"end":{"line":1,"column":36}},"1":{"start":{"line":2,"column":15},"end":{"line":2,"column":30}},"2":{"start":{"line":4,"column":27},"end":{"line":20,"column":1}},"3":{"start":{"line":22,"column":0},"end":{"line":22,"column":68}}},"fnMap":{},"branchMap":{},"s":{"0":8,"1":8,"2":8,"3":8},"f":{},"b":{},"_coverageSchema":"43e27e138ebf9cfc5966b082cf9a028302ed4184","hash":"a736e53a84b564e82cd9a63f8bee70d6599c89bc"}
,"/Users/nhan.dang/Coder_Academy/NhanDang_T3A2/GP-Back/models/service.js": {"path":"/Users/nhan.dang/Coder_Academy/NhanDang_T3A2/GP-Back/models/service.js","statementMap":{"0":{"start":{"line":1,"column":17},"end":{"line":1,"column":36}},"1":{"start":{"line":2,"column":15},"end":{"line":2,"column":30}},"2":{"start":{"line":4,"column":22},"end":{"line":17,"column":49}},"3":{"start":{"line":19,"column":0},"end":{"line":19,"column":58}}},"fnMap":{},"branchMap":{},"s":{"0":8,"1":8,"2":8,"3":8},"f":{},"b":{},"_coverageSchema":"43e27e138ebf9cfc5966b082cf9a028302ed4184","hash":"27640e8f85a67d9b5867f4327245945b8d6d3d1c"}
,"/Users/nhan.dang/Coder_Academy/NhanDang_T3A2/GP-Back/models/staff.js": {"path":"/Users/nhan.dang/Coder_Academy/NhanDang_T3A2/GP-Back/models/staff.js","statementMap":{"0":{"start":{"line":1,"column":17},"end":{"line":1,"column":36}},"1":{"start":{"line":2,"column":15},"end":{"line":2,"column":30}},"2":{"start":{"line":4,"column":20},"end":{"line":19,"column":47}},"3":{"start":{"line":21,"column":0},"end":{"line":21,"column":54}}},"fnMap":{},"branchMap":{},"s":{"0":8,"1":8,"2":8,"3":8},"f":{},"b":{},"_coverageSchema":"43e27e138ebf9cfc5966b082cf9a028302ed4184","hash":"c0bf212990f23fc82523acafd51eb1439f8b4bf4"}
,"/Users/nhan.dang/Coder_Academy/NhanDang_T3A2/GP-Back/models/user.js": {"path":"/Users/nhan.dang/Coder_Academy/NhanDang_T3A2/GP-Back/models/user.js","statementMap":{"0":{"start":{"line":1,"column":17},"end":{"line":1,"column":36}},"1":{"start":{"line":2,"column":15},"end":{"line":2,"column":30}},"2":{"start":{"line":3,"column":24},"end":{"line":3,"column":60}},"3":{"start":{"line":5,"column":19},"end":{"line":45,"column":46}},"4":{"start":{"line":21,"column":6},"end":{"line":21,"column":98}},"5":{"start":{"line":47,"column":0},"end":{"line":47,"column":79}},"6":{"start":{"line":48,"column":0},"end":{"line":48,"column":52}}},"fnMap":{"0":{"name":"(anonymous_0)","decl":{"start":{"line":20,"column":26},"end":{"line":20,"column":27}},"loc":{"start":{"line":20,"column":42},"end":{"line":22,"column":7}},"line":20}},"branchMap":{},"s":{"0":8,"1":8,"2":8,"3":8,"4":2,"5":8,"6":8},"f":{"0":2},"b":{},"_coverageSchema":"43e27e138ebf9cfc5966b082cf9a028302ed4184","hash":"d98103d190e0cd503ef18fd62a799660a3e57050"}
,"/Users/nhan.dang/Coder_Academy/NhanDang_T3A2/GP-Back/models/vaccines.js": {"path":"/Users/nhan.dang/Coder_Academy/NhanDang_T3A2/GP-Back/models/vaccines.js","statementMap":{"0":{"start":{"line":1,"column":17},"end":{"line":1,"column":36}},"1":{"start":{"line":2,"column":15},"end":{"line":2,"column":30}},"2":{"start":{"line":4,"column":22},"end":{"line":21,"column":1}},"3":{"start":{"line":23,"column":0},"end":{"line":23,"column":58}}},"fnMap":{},"branchMap":{},"s":{"0":8,"1":8,"2":8,"3":8},"f":{},"b":{},"_coverageSchema":"43e27e138ebf9cfc5966b082cf9a028302ed4184","hash":"31476579024370326aabdbab7bb39dabb1402474"}
,"/Users/nhan.dang/Coder_Academy/NhanDang_T3A2/GP-Back/routes/about.js": {"path":"/Users/nhan.dang/Coder_Academy/NhanDang_T3A2/GP-Back/routes/about.js","statementMap":{"0":{"start":{"line":1,"column":16},"end":{"line":1,"column":34}},"1":{"start":{"line":2,"column":15},"end":{"line":2,"column":31}},"2":{"start":{"line":3,"column":26},"end":{"line":3,"column":57}},"3":{"start":{"line":5,"column":0},"end":{"line":5,"column":27}},"4":{"start":{"line":7,"column":0},"end":{"line":7,"column":23}},"5":{"start":{"line":9,"column":0},"end":{"line":9,"column":34}},"6":{"start":{"line":11,"column":0},"end":{"line":11,"column":24}}},"fnMap":{},"branchMap":{},"s":{"0":8,"1":8,"2":8,"3":8,"4":8,"5":8,"6":8},"f":{},"b":{},"_coverageSchema":"43e27e138ebf9cfc5966b082cf9a028302ed4184","hash":"096da7802184225b0062e1432d83d3edff64bbd4"}
,"/Users/nhan.dang/Coder_Academy/NhanDang_T3A2/GP-Back/routes/admin-routes.js": {"path":"/Users/nhan.dang/Coder_Academy/NhanDang_T3A2/GP-Back/routes/admin-routes.js","statementMap":{"0":{"start":{"line":1,"column":16},"end":{"line":1,"column":34}},"1":{"start":{"line":2,"column":15},"end":{"line":2,"column":31}},"2":{"start":{"line":3,"column":14},"end":{"line":3,"column":45}},"3":{"start":{"line":6,"column":23},"end":{"line":6,"column":65}},"4":{"start":{"line":7,"column":23},"end":{"line":7,"column":65}},"5":{"start":{"line":13,"column":0},"end":{"line":13,"column":37}},"6":{"start":{"line":14,"column":0},"end":{"line":14,"column":61}},"7":{"start":{"line":15,"column":0},"end":{"line":15,"column":67}},"8":{"start":{"line":16,"column":0},"end":{"line":16,"column":75}},"9":{"start":{"line":18,"column":0},"end":{"line":18,"column":66}},"10":{"start":{"line":19,"column":0},"end":{"line":19,"column":71}},"11":{"start":{"line":20,"column":0},"end":{"line":20,"column":75}},"12":{"start":{"line":21,"column":0},"end":{"line":21,"column":79}},"13":{"start":{"line":25,"column":0},"end":{"line":25,"column":24}}},"fnMap":{},"branchMap":{},"s":{"0":8,"1":8,"2":8,"3":8,"4":8,"5":8,"6":8,"7":8,"8":8,"9":8,"10":8,"11":8,"12":8,"13":8},"f":{},"b":{},"_coverageSchema":"43e27e138ebf9cfc5966b082cf9a028302ed4184","hash":"8a6c5dd3a6260812e5157f82b927b0afb3fff1da"}
,"/Users/nhan.dang/Coder_Academy/NhanDang_T3A2/GP-Back/routes/appointments.js": {"path":"/Users/nhan.dang/Coder_Academy/NhanDang_T3A2/GP-Back/routes/appointments.js","statementMap":{"0":{"start":{"line":1,"column":16},"end":{"line":1,"column":34}},"1":{"start":{"line":2,"column":15},"end":{"line":2,"column":31}},"2":{"start":{"line":3,"column":21},"end":{"line":3,"column":63}},"3":{"start":{"line":4,"column":67},"end":{"line":4,"column":104}},"4":{"start":{"line":7,"column":0},"end":{"line":7,"column":36}},"5":{"start":{"line":8,"column":0},"end":{"line":8,"column":40}},"6":{"start":{"line":9,"column":0},"end":{"line":9,"column":67}},"7":{"start":{"line":11,"column":0},"end":{"line":11,"column":24}}},"fnMap":{},"branchMap":{},"s":{"0":8,"1":8,"2":8,"3":8,"4":8,"5":8,"6":8,"7":8},"f":{},"b":{},"_coverageSchema":"43e27e138ebf9cfc5966b082cf9a028302ed4184","hash":"712c62dd44cc42a38dc8789f5ce71c366b46e0ef"}
,"/Users/nhan.dang/Coder_Academy/NhanDang_T3A2/GP-Back/routes/index.js": {"path":"/Users/nhan.dang/Coder_Academy/NhanDang_T3A2/GP-Back/routes/index.js","statementMap":{"0":{"start":{"line":1,"column":16},"end":{"line":1,"column":34}},"1":{"start":{"line":2,"column":15},"end":{"line":2,"column":31}},"2":{"start":{"line":4,"column":0},"end":{"line":4,"column":48}},"3":{"start":{"line":6,"column":0},"end":{"line":6,"column":41}},"4":{"start":{"line":8,"column":0},"end":{"line":8,"column":55}},"5":{"start":{"line":10,"column":0},"end":{"line":10,"column":56}},"6":{"start":{"line":12,"column":0},"end":{"line":12,"column":39}},"7":{"start":{"line":14,"column":0},"end":{"line":14,"column":47}},"8":{"start":{"line":16,"column":0},"end":{"line":16,"column":47}},"9":{"start":{"line":18,"column":0},"end":{"line":18,"column":47}},"10":{"start":{"line":20,"column":0},"end":{"line":20,"column":49}},"11":{"start":{"line":22,"column":0},"end":{"line":22,"column":24}}},"fnMap":{},"branchMap":{},"s":{"0":8,"1":8,"2":8,"3":8,"4":8,"5":8,"6":8,"7":8,"8":8,"9":8,"10":8,"11":8},"f":{},"b":{},"_coverageSchema":"43e27e138ebf9cfc5966b082cf9a028302ed4184","hash":"92f8f2d6d89e99d67920f58186a395723e1b589b"}
,"/Users/nhan.dang/Coder_Academy/NhanDang_T3A2/GP-Back/routes/mail.js": {"path":"/Users/nhan.dang/Coder_Academy/NhanDang_T3A2/GP-Back/routes/mail.js","statementMap":{"0":{"start":{"line":1,"column":16},"end":{"line":1,"column":34}},"1":{"start":{"line":2,"column":15},"end":{"line":2,"column":31}},"2":{"start":{"line":8,"column":4},"end":{"line":8,"column":34}},"3":{"start":{"line":9,"column":23},"end":{"line":9,"column":65}},"4":{"start":{"line":10,"column":13},"end":{"line":10,"column":28}},"5":{"start":{"line":11,"column":12},"end":{"line":11,"column":32}},"6":{"start":{"line":13,"column":15},"end":{"line":17,"column":2}},"7":{"start":{"line":19,"column":17},"end":{"line":26,"column":1}},"8":{"start":{"line":20,"column":17},"end":{"line":20,"column":42}},"9":{"start":{"line":21,"column":2},"end":{"line":25,"column":3}},"10":{"start":{"line":22,"column":4},"end":{"line":22,"column":25}},"11":{"start":{"line":24,"column":4},"end":{"line":24,"column":10}},"12":{"start":{"line":28,"column":0},"end":{"line":28,"column":37}},"13":{"start":{"line":29,"column":0},"end":{"line":29,"column":41}},"14":{"start":{"line":30,"column":0},"end":{"line":30,"column":54}},"15":{"start":{"line":31,"column":0},"end":{"line":31,"column":57}},"16":{"start":{"line":33,"column":0},"end":{"line":33,"column":24}}},"fnMap":{"0":{"name":"(anonymous_0)","decl":{"start":{"line":19,"column":17},"end":{"line":19,"column":18}},"loc":{"start":{"line":19,"column":37},"end":{"line":26,"column":1}},"line":19}},"branchMap":{"0":{"loc":{"start":{"line":21,"column":2},"end":{"line":25,"column":3}},"type":"if","locations":[{"start":{"line":21,"column":2},"end":{"line":25,"column":3}},{"start":{"line":21,"column":2},"end":{"line":25,"column":3}}],"line":21}},"s":{"0":8,"1":8,"2":8,"3":8,"4":8,"5":8,"6":8,"7":8,"8":2,"9":2,"10":2,"11":0,"12":8,"13":8,"14":8,"15":8,"16":8},"f":{"0":2},"b":{"0":[2,0]},"_coverageSchema":"43e27e138ebf9cfc5966b082cf9a028302ed4184","hash":"c22dca66519578a824bab52ffac4b3f76e144614"}
,"/Users/nhan.dang/Coder_Academy/NhanDang_T3A2/GP-Back/routes/openingHours.js": {"path":"/Users/nhan.dang/Coder_Academy/NhanDang_T3A2/GP-Back/routes/openingHours.js","statementMap":{"0":{"start":{"line":1,"column":16},"end":{"line":1,"column":34}},"1":{"start":{"line":2,"column":15},"end":{"line":2,"column":31}},"2":{"start":{"line":3,"column":32},"end":{"line":3,"column":70}},"3":{"start":{"line":4,"column":23},"end":{"line":4,"column":65}},"4":{"start":{"line":5,"column":23},"end":{"line":5,"column":65}},"5":{"start":{"line":7,"column":0},"end":{"line":7,"column":27}},"6":{"start":{"line":9,"column":0},"end":{"line":9,"column":23}},"7":{"start":{"line":11,"column":0},"end":{"line":11,"column":51}},"8":{"start":{"line":13,"column":0},"end":{"line":13,"column":54}},"9":{"start":{"line":15,"column":0},"end":{"line":15,"column":24}}},"fnMap":{},"branchMap":{},"s":{"0":8,"1":8,"2":8,"3":8,"4":8,"5":8,"6":8,"7":8,"8":8,"9":8},"f":{},"b":{},"_coverageSchema":"43e27e138ebf9cfc5966b082cf9a028302ed4184","hash":"99fffaed78157c3330f8f763ba7e0a5ea94a0bf6"}
,"/Users/nhan.dang/Coder_Academy/NhanDang_T3A2/GP-Back/routes/services.js": {"path":"/Users/nhan.dang/Coder_Academy/NhanDang_T3A2/GP-Back/routes/services.js","statementMap":{"0":{"start":{"line":1,"column":16},"end":{"line":1,"column":34}},"1":{"start":{"line":2,"column":15},"end":{"line":2,"column":31}},"2":{"start":{"line":3,"column":23},"end":{"line":3,"column":65}},"3":{"start":{"line":4,"column":23},"end":{"line":4,"column":65}},"4":{"start":{"line":11,"column":4},"end":{"line":11,"column":37}},"5":{"start":{"line":13,"column":0},"end":{"line":13,"column":27}},"6":{"start":{"line":15,"column":0},"end":{"line":15,"column":23}},"7":{"start":{"line":17,"column":0},"end":{"line":17,"column":55}},"8":{"start":{"line":19,"column":0},"end":{"line":19,"column":57}},"9":{"start":{"line":21,"column":0},"end":{"line":21,"column":61}},"10":{"start":{"line":23,"column":0},"end":{"line":23,"column":25}},"11":{"start":{"line":25,"column":0},"end":{"line":25,"column":24}}},"fnMap":{},"branchMap":{},"s":{"0":8,"1":8,"2":8,"3":8,"4":8,"5":8,"6":8,"7":8,"8":8,"9":8,"10":8,"11":8},"f":{},"b":{},"_coverageSchema":"43e27e138ebf9cfc5966b082cf9a028302ed4184","hash":"fc6b50a61e8246ba6c9c72109def46c17b153220"}
,"/Users/nhan.dang/Coder_Academy/NhanDang_T3A2/GP-Back/routes/users.js": {"path":"/Users/nhan.dang/Coder_Academy/NhanDang_T3A2/GP-Back/routes/users.js","statementMap":{"0":{"start":{"line":1,"column":16},"end":{"line":1,"column":34}},"1":{"start":{"line":2,"column":15},"end":{"line":2,"column":31}},"2":{"start":{"line":3,"column":61},"end":{"line":3,"column":92}},"3":{"start":{"line":4,"column":41},"end":{"line":4,"column":83}},"4":{"start":{"line":6,"column":0},"end":{"line":6,"column":35}},"5":{"start":{"line":7,"column":0},"end":{"line":7,"column":29}},"6":{"start":{"line":8,"column":0},"end":{"line":8,"column":39}},"7":{"start":{"line":9,"column":0},"end":{"line":9,"column":56}},"8":{"start":{"line":10,"column":0},"end":{"line":10,"column":47}},"9":{"start":{"line":11,"column":0},"end":{"line":11,"column":45}},"10":{"start":{"line":12,"column":0},"end":{"line":12,"column":36}},"11":{"start":{"line":14,"column":0},"end":{"line":14,"column":24}}},"fnMap":{},"branchMap":{},"s":{"0":8,"1":8,"2":8,"3":8,"4":8,"5":8,"6":8,"7":8,"8":8,"9":8,"10":8,"11":8},"f":{},"b":{},"_coverageSchema":"43e27e138ebf9cfc5966b082cf9a028302ed4184","hash":"c538a9940486423c389917f5fd8e7d1638b93f08"}
,"/Users/nhan.dang/Coder_Academy/NhanDang_T3A2/GP-Back/routes/vaccines.js": {"path":"/Users/nhan.dang/Coder_Academy/NhanDang_T3A2/GP-Back/routes/vaccines.js","statementMap":{"0":{"start":{"line":1,"column":16},"end":{"line":1,"column":34}},"1":{"start":{"line":2,"column":23},"end":{"line":2,"column":65}},"2":{"start":{"line":3,"column":23},"end":{"line":3,"column":65}},"3":{"start":{"line":4,"column":15},"end":{"line":4,"column":31}},"4":{"start":{"line":11,"column":4},"end":{"line":11,"column":37}},"5":{"start":{"line":13,"column":0},"end":{"line":13,"column":27}},"6":{"start":{"line":15,"column":0},"end":{"line":15,"column":23}},"7":{"start":{"line":17,"column":0},"end":{"line":17,"column":55}},"8":{"start":{"line":19,"column":0},"end":{"line":19,"column":58}},"9":{"start":{"line":21,"column":0},"end":{"line":21,"column":62}},"10":{"start":{"line":23,"column":0},"end":{"line":23,"column":25}},"11":{"start":{"line":25,"column":0},"end":{"line":25,"column":24}}},"fnMap":{},"branchMap":{},"s":{"0":8,"1":8,"2":8,"3":8,"4":8,"5":8,"6":8,"7":8,"8":8,"9":8,"10":8,"11":8},"f":{},"b":{},"_coverageSchema":"43e27e138ebf9cfc5966b082cf9a028302ed4184","hash":"cde4f24fefbc2dff5bc3a6608f014d8ba3ef1abf"}
,"/Users/nhan.dang/Coder_Academy/NhanDang_T3A2/GP-Back/testing_utils/login.js": {"path":"/Users/nhan.dang/Coder_Academy/NhanDang_T3A2/GP-Back/testing_utils/login.js","statementMap":{"0":{"start":{"line":1,"column":16},"end":{"line":1,"column":36}},"1":{"start":{"line":2,"column":12},"end":{"line":2,"column":29}},"2":{"start":{"line":3,"column":0},"end":{"line":3,"column":27}},"3":{"start":{"line":4,"column":0},"end":{"line":12,"column":2}},"4":{"start":{"line":5,"column":19},"end":{"line":10,"column":5}},"5":{"start":{"line":11,"column":3},"end":{"line":11,"column":23}},"6":{"start":{"line":14,"column":1},"end":{"line":22,"column":2}},"7":{"start":{"line":15,"column":19},"end":{"line":20,"column":5}},"8":{"start":{"line":21,"column":3},"end":{"line":21,"column":23}},"9":{"start":{"line":24,"column":1},"end":{"line":32,"column":2}},"10":{"start":{"line":25,"column":19},"end":{"line":30,"column":5}},"11":{"start":{"line":31,"column":3},"end":{"line":31,"column":23}}},"fnMap":{"0":{"name":"(anonymous_0)","decl":{"start":{"line":4,"column":16},"end":{"line":4,"column":17}},"loc":{"start":{"line":4,"column":28},"end":{"line":12,"column":2}},"line":4},"1":{"name":"(anonymous_1)","decl":{"start":{"line":14,"column":24},"end":{"line":14,"column":25}},"loc":{"start":{"line":14,"column":36},"end":{"line":22,"column":2}},"line":14},"2":{"name":"(anonymous_2)","decl":{"start":{"line":24,"column":22},"end":{"line":24,"column":23}},"loc":{"start":{"line":24,"column":34},"end":{"line":32,"column":2}},"line":24}},"branchMap":{},"s":{"0":7,"1":7,"2":7,"3":7,"4":19,"5":19,"6":7,"7":2,"8":2,"9":7,"10":23,"11":23},"f":{"0":19,"1":2,"2":23},"b":{},"_coverageSchema":"43e27e138ebf9cfc5966b082cf9a028302ed4184","hash":"c51401758ef469142cbe5d9c407f576d600eb0ff"}
}
