TN:
SF:/Users/nhan.dang/Coder_Academy/NhanDang_T3A2/GP-Back/app.js
FNF:0
FNH:0
DA:1,8
DA:2,8
DA:3,8
DA:4,8
DA:5,8
DA:8,8
DA:9,8
DA:10,8
DA:11,8
DA:14,8
DA:17,8
DA:20,8
DA:22,8
LF:13
LH:13
BRF:0
BRH:0
end_of_record
TN:
SF:/Users/nhan.dang/Coder_Academy/NhanDang_T3A2/GP-Back/controllers/about.js
FN:3,(anonymous_0)
FN:8,(anonymous_1)
FNF:2
FNH:0
FNDA:0,(anonymous_0)
FNDA:0,(anonymous_1)
DA:1,8
DA:3,8
DA:4,0
DA:5,0
DA:8,8
DA:9,0
DA:10,0
DA:11,0
DA:18,0
DA:20,0
DA:24,8
LF:11
LH:4
BRF:0
BRH:0
end_of_record
TN:
SF:/Users/nhan.dang/Coder_Academy/NhanDang_T3A2/GP-Back/controllers/admin.js
FN:11,allUsers
FN:25,allAppointments
FN:26,(anonymous_2)
FN:29,(anonymous_3)
FN:48,staffs
FN:49,(anonymous_5)
FN:59,addStaff
FN:76,editStaff
FN:78,(anonymous_8)
FN:84,updateStaff
FN:85,(anonymous_10)
FN:95,(anonymous_11)
FN:98,(anonymous_12)
FN:106,deleteStaff
FN:123,(anonymous_14)
FN:127,(anonymous_15)
FNF:16
FNH:2
FNDA:0,allUsers
FNDA:0,allAppointments
FNDA:0,(anonymous_2)
FNDA:0,(anonymous_3)
FNDA:1,staffs
FNDA:1,(anonymous_5)
FNDA:0,addStaff
FNDA:0,editStaff
FNDA:0,(anonymous_8)
FNDA:0,updateStaff
FNDA:0,(anonymous_10)
FNDA:0,(anonymous_11)
FNDA:0,(anonymous_12)
FNDA:0,deleteStaff
FNDA:0,(anonymous_14)
FNDA:0,(anonymous_15)
DA:1,8
DA:2,8
DA:3,8
DA:4,8
DA:7,8
DA:12,0
DA:13,0
DA:14,0
DA:15,0
DA:16,0
DA:18,0
DA:19,0
DA:26,0
DA:27,0
DA:28,0
DA:29,0
DA:30,0
DA:31,0
DA:34,0
DA:35,0
DA:36,0
DA:37,0
DA:38,0
DA:39,0
DA:40,0
DA:42,0
DA:43,0
DA:49,1
DA:50,1
DA:51,0
DA:53,1
DA:60,0
DA:61,0
DA:62,0
DA:68,0
DA:69,0
DA:71,0
DA:77,0
DA:78,0
DA:79,0
DA:85,0
DA:86,0
DA:88,0
DA:89,0
DA:90,0
DA:91,0
DA:93,0
DA:96,0
DA:99,0
DA:107,0
DA:108,0
DA:111,0
DA:112,0
DA:114,0
DA:115,0
DA:117,0
DA:118,0
DA:123,8
DA:124,0
DA:126,0
DA:127,0
DA:128,0
DA:137,0
DA:138,0
DA:142,8
LF:65
LH:10
BRDA:30,0,0,0
BRDA:30,0,1,0
BRDA:50,1,0,0
BRDA:50,1,1,1
BRDA:86,2,0,0
BRDA:86,2,1,0
BRDA:111,3,0,0
BRDA:111,3,1,0
BRDA:111,4,0,0
BRDA:111,4,1,0
BRF:10
BRH:1
end_of_record
TN:
SF:/Users/nhan.dang/Coder_Academy/NhanDang_T3A2/GP-Back/controllers/appointment.js
FN:5,newAppointment
FN:30,getAppointmentsByUser
FN:44,cancelAppointment
FN:45,(anonymous_3)
FNF:4
FNH:3
FNDA:2,newAppointment
FNDA:0,getAppointmentsByUser
FNDA:2,cancelAppointment
FNDA:2,(anonymous_3)
DA:1,8
DA:2,8
DA:6,2
DA:7,2
DA:9,2
DA:19,2
DA:21,1
DA:23,1
DA:24,1
DA:31,0
DA:32,0
DA:33,0
DA:34,0
DA:35,0
DA:36,0
DA:38,0
DA:39,0
DA:45,2
DA:46,2
DA:47,1
DA:49,1
DA:57,8
LF:22
LH:14
BRDA:46,0,0,1
BRDA:46,0,1,1
BRF:2
BRH:2
end_of_record
TN:
SF:/Users/nhan.dang/Coder_Academy/NhanDang_T3A2/GP-Back/controllers/index.js
FN:1,(anonymous_0)
FNF:1
FNH:0
FNDA:0,(anonymous_0)
DA:1,8
DA:2,0
DA:5,8
LF:3
LH:2
BRF:0
BRH:0
end_of_record
TN:
SF:/Users/nhan.dang/Coder_Academy/NhanDang_T3A2/GP-Back/controllers/mail.js
FN:20,(anonymous_0)
FN:46,(anonymous_1)
FN:61,(anonymous_2)
FN:80,(anonymous_3)
FN:116,(anonymous_4)
FNF:5
FNH:2
FNDA:0,(anonymous_0)
FNDA:0,(anonymous_1)
FNDA:0,(anonymous_2)
FNDA:1,(anonymous_3)
FNDA:1,(anonymous_4)
DA:1,8
DA:2,8
DA:3,8
DA:4,8
DA:5,8
DA:8,8
DA:20,8
DA:21,0
DA:22,0
DA:37,0
DA:46,0
DA:47,0
DA:48,0
DA:50,0
DA:51,0
DA:53,0
DA:56,0
DA:61,8
DA:62,0
DA:63,0
DA:64,0
DA:65,0
DA:71,0
DA:72,0
DA:73,0
DA:75,0
DA:80,8
DA:81,1
DA:82,1
DA:83,1
DA:85,0
DA:101,0
DA:108,0
DA:110,1
DA:111,1
DA:116,8
DA:117,1
DA:118,1
DA:119,1
DA:121,0
DA:135,0
DA:142,0
DA:144,1
DA:145,1
DA:148,8
LF:45
LH:21
BRDA:47,0,0,0
BRDA:47,0,1,0
BRF:2
BRH:0
end_of_record
TN:
SF:/Users/nhan.dang/Coder_Academy/NhanDang_T3A2/GP-Back/controllers/openingHours.js
FN:3,(anonymous_0)
FN:8,(anonymous_1)
FN:17,(anonymous_2)
FN:22,(anonymous_3)
FNF:4
FNH:1
FNDA:1,(anonymous_0)
FNDA:0,(anonymous_1)
FNDA:0,(anonymous_2)
FNDA:0,(anonymous_3)
DA:1,8
DA:3,8
DA:4,1
DA:5,1
DA:8,8
DA:9,0
DA:10,0
DA:11,0
DA:13,0
DA:17,8
DA:18,0
DA:19,0
DA:20,0
DA:21,0
DA:22,0
DA:23,0
DA:29,0
DA:30,0
DA:32,0
DA:36,8
LF:20
LH:7
BRF:0
BRH:0
end_of_record
TN:
SF:/Users/nhan.dang/Coder_Academy/NhanDang_T3A2/GP-Back/controllers/service.js
FN:3,(anonymous_0)
FN:8,show
FN:17,create
FN:29,(anonymous_3)
FN:36,(anonymous_4)
FN:37,(anonymous_5)
FN:48,(anonymous_6)
FNF:7
FNH:2
FNDA:1,(anonymous_0)
FNDA:1,show
FNDA:0,create
FNDA:0,(anonymous_3)
FNDA:0,(anonymous_4)
FNDA:0,(anonymous_5)
FNDA:0,(anonymous_6)
DA:1,8
DA:3,8
DA:4,1
DA:5,1
DA:9,1
DA:10,1
DA:11,1
DA:13,0
DA:18,0
DA:19,0
DA:20,0
DA:26,0
DA:27,0
DA:29,0
DA:31,0
DA:32,0
DA:36,8
DA:37,0
DA:38,0
DA:39,0
DA:41,0
DA:48,8
DA:49,0
DA:50,0
DA:57,0
DA:59,0
DA:63,8
LF:27
LH:10
BRDA:38,0,0,0
BRDA:38,0,1,0
BRF:2
BRH:0
end_of_record
TN:
SF:/Users/nhan.dang/Coder_Academy/NhanDang_T3A2/GP-Back/controllers/token_middleware.js
FN:7,(anonymous_0)
FN:23,(anonymous_1)
FN:54,(anonymous_2)
FNF:3
FNH:1
FNDA:27,(anonymous_0)
FNDA:0,(anonymous_1)
FNDA:0,(anonymous_2)
DA:1,8
DA:2,8
DA:3,8
DA:7,8
DA:10,27
DA:14,27
DA:17,0
DA:20,27
DA:23,0
DA:25,0
DA:27,0
DA:28,0
DA:36,0
DA:37,0
DA:44,27
DA:54,8
DA:55,0
DA:56,0
DA:57,0
DA:60,0
DA:61,0
DA:63,0
DA:66,0
DA:70,8
LF:24
LH:10
BRDA:10,0,0,27
BRDA:10,0,1,27
BRDA:10,0,2,27
BRDA:14,1,0,0
BRDA:14,1,1,27
BRDA:20,2,0,0
BRDA:20,2,1,27
BRDA:25,3,0,0
BRDA:25,3,1,0
BRDA:60,4,0,0
BRDA:60,4,1,0
BRF:11
BRH:5
end_of_record
TN:
SF:/Users/nhan.dang/Coder_Academy/NhanDang_T3A2/GP-Back/controllers/users.js
FN:6,(anonymous_0)
FN:11,(anonymous_1)
FN:18,(anonymous_2)
FN:23,register
FN:47,login
FN:73,resetPassword
FN:99,(anonymous_6)
FN:108,(anonymous_7)
FN:126,(anonymous_8)
FN:137,(anonymous_9)
FNF:10
FNH:5
FNDA:3,(anonymous_0)
FNDA:44,(anonymous_1)
FNDA:43,(anonymous_2)
FNDA:3,register
FNDA:47,login
FNDA:0,resetPassword
FNDA:0,(anonymous_6)
FNDA:0,(anonymous_7)
FNDA:0,(anonymous_8)
FNDA:0,(anonymous_9)
DA:1,8
DA:2,8
DA:3,8
DA:6,8
DA:7,3
DA:11,8
DA:12,44
DA:15,8
DA:18,8
DA:19,43
DA:24,3
DA:25,3
DA:26,3
DA:27,2
DA:35,2
DA:36,0
DA:37,0
DA:41,3
DA:42,3
DA:48,47
DA:49,47
DA:50,47
DA:53,47
DA:54,44
DA:55,44
DA:56,43
DA:57,43
DA:58,43
DA:61,1
DA:62,1
DA:65,3
DA:68,0
DA:74,0
DA:75,0
DA:76,0
DA:77,0
DA:79,0
DA:82,0
DA:83,0
DA:85,0
DA:86,0
DA:87,0
DA:88,0
DA:89,0
DA:90,0
DA:94,0
DA:99,8
DA:101,0
DA:104,0
DA:105,0
DA:109,0
DA:120,0
DA:121,0
DA:126,8
DA:127,0
DA:128,0
DA:129,0
DA:130,0
DA:136,0
DA:137,0
DA:146,0
DA:147,0
DA:151,8
LF:63
LH:32
BRDA:53,0,0,44
BRDA:53,0,1,3
BRDA:55,1,0,43
BRDA:55,1,1,1
BRDA:76,2,0,0
BRDA:76,2,1,0
BRDA:82,3,0,0
BRDA:82,3,1,0
BRF:8
BRH:4
end_of_record
TN:
SF:/Users/nhan.dang/Coder_Academy/NhanDang_T3A2/GP-Back/controllers/users_middleware.js
FN:4,(anonymous_0)
FN:13,(anonymous_1)
FNF:2
FNH:0
FNDA:0,(anonymous_0)
FNDA:0,(anonymous_1)
DA:1,8
DA:4,8
DA:5,0
DA:6,0
DA:8,0
DA:13,8
DA:14,0
DA:15,0
DA:18,0
DA:19,0
DA:21,0
DA:22,0
DA:26,8
LF:13
LH:4
BRDA:5,0,0,0
BRDA:5,0,1,0
BRDA:18,1,0,0
BRDA:18,1,1,0
BRF:4
BRH:0
end_of_record
TN:
SF:/Users/nhan.dang/Coder_Academy/NhanDang_T3A2/GP-Back/controllers/vaccine.js
FN:3,(anonymous_0)
FN:8,(anonymous_1)
FN:17,(anonymous_2)
FN:30,(anonymous_3)
FN:37,(anonymous_4)
FN:38,(anonymous_5)
FN:49,(anonymous_6)
FNF:7
FNH:2
FNDA:1,(anonymous_0)
FNDA:1,(anonymous_1)
FNDA:0,(anonymous_2)
FNDA:0,(anonymous_3)
FNDA:0,(anonymous_4)
FNDA:0,(anonymous_5)
FNDA:0,(anonymous_6)
DA:1,8
DA:3,8
DA:4,1
DA:5,1
DA:8,8
DA:9,1
DA:10,1
DA:11,1
DA:13,0
DA:17,8
DA:18,0
DA:19,0
DA:20,0
DA:27,0
DA:28,0
DA:30,0
DA:32,0
DA:33,0
DA:37,8
DA:38,0
DA:39,0
DA:40,0
DA:42,0
DA:49,8
DA:50,0
DA:51,0
DA:58,0
DA:60,0
DA:64,8
LF:29
LH:12
BRDA:39,0,0,0
BRDA:39,0,1,0
BRF:2
BRH:0
end_of_record
TN:
SF:/Users/nhan.dang/Coder_Academy/NhanDang_T3A2/GP-Back/models/about.js
FNF:0
FNH:0
DA:1,8
DA:2,8
DA:4,8
DA:18,8
LF:4
LH:4
BRF:0
BRH:0
end_of_record
TN:
SF:/Users/nhan.dang/Coder_Academy/NhanDang_T3A2/GP-Back/models/appointment.js
FNF:0
FNH:0
DA:1,8
DA:2,8
DA:4,8
DA:39,8
LF:4
LH:4
BRF:0
BRH:0
end_of_record
TN:
SF:/Users/nhan.dang/Coder_Academy/NhanDang_T3A2/GP-Back/models/openingHours.js
FNF:0
FNH:0
DA:1,8
DA:2,8
DA:4,8
DA:22,8
LF:4
LH:4
BRF:0
BRH:0
end_of_record
TN:
SF:/Users/nhan.dang/Coder_Academy/NhanDang_T3A2/GP-Back/models/service.js
FNF:0
FNH:0
DA:1,8
DA:2,8
DA:4,8
DA:19,8
LF:4
LH:4
BRF:0
BRH:0
end_of_record
TN:
SF:/Users/nhan.dang/Coder_Academy/NhanDang_T3A2/GP-Back/models/staff.js
FNF:0
FNH:0
DA:1,8
DA:2,8
DA:4,8
DA:21,8
LF:4
LH:4
BRF:0
BRH:0
end_of_record
TN:
SF:/Users/nhan.dang/Coder_Academy/NhanDang_T3A2/GP-Back/models/user.js
FN:20,(anonymous_0)
FNF:1
FNH:1
FNDA:2,(anonymous_0)
DA:1,8
DA:2,8
DA:3,8
DA:5,8
DA:21,2
DA:47,8
DA:48,8
LF:7
LH:7
BRF:0
BRH:0
end_of_record
TN:
SF:/Users/nhan.dang/Coder_Academy/NhanDang_T3A2/GP-Back/models/vaccines.js
FNF:0
FNH:0
DA:1,8
DA:2,8
DA:4,8
DA:23,8
LF:4
LH:4
BRF:0
BRH:0
end_of_record
TN:
SF:/Users/nhan.dang/Coder_Academy/NhanDang_T3A2/GP-Back/routes/about.js
FNF:0
FNH:0
DA:1,8
DA:2,8
DA:3,8
DA:5,8
DA:7,8
DA:9,8
DA:11,8
LF:7
LH:7
BRF:0
BRH:0
end_of_record
TN:
SF:/Users/nhan.dang/Coder_Academy/NhanDang_T3A2/GP-Back/routes/admin-routes.js
FNF:0
FNH:0
DA:1,8
DA:2,8
DA:3,8
DA:6,8
DA:7,8
DA:13,8
DA:14,8
DA:15,8
DA:16,8
DA:18,8
DA:19,8
DA:20,8
DA:21,8
DA:25,8
LF:14
LH:14
BRF:0
BRH:0
end_of_record
TN:
SF:/Users/nhan.dang/Coder_Academy/NhanDang_T3A2/GP-Back/routes/appointments.js
FNF:0
FNH:0
DA:1,8
DA:2,8
DA:3,8
DA:4,8
DA:7,8
DA:8,8
DA:9,8
DA:11,8
LF:8
LH:8
BRF:0
BRH:0
end_of_record
TN:
SF:/Users/nhan.dang/Coder_Academy/NhanDang_T3A2/GP-Back/routes/index.js
FNF:0
FNH:0
DA:1,8
DA:2,8
DA:4,8
DA:6,8
DA:8,8
DA:10,8
DA:12,8
DA:14,8
DA:16,8
DA:18,8
DA:20,8
DA:22,8
LF:12
LH:12
BRF:0
BRH:0
end_of_record
TN:
SF:/Users/nhan.dang/Coder_Academy/NhanDang_T3A2/GP-Back/routes/mail.js
FN:19,(anonymous_0)
FNF:1
FNH:1
FNDA:2,(anonymous_0)
DA:1,8
DA:2,8
DA:8,8
DA:9,8
DA:10,8
DA:11,8
DA:13,8
DA:19,8
DA:20,2
DA:21,2
DA:22,2
DA:24,0
DA:28,8
DA:29,8
DA:30,8
DA:31,8
DA:33,8
LF:17
LH:16
BRDA:21,0,0,2
BRDA:21,0,1,0
BRF:2
BRH:1
end_of_record
TN:
SF:/Users/nhan.dang/Coder_Academy/NhanDang_T3A2/GP-Back/routes/openingHours.js
FNF:0
FNH:0
DA:1,8
DA:2,8
DA:3,8
DA:4,8
DA:5,8
DA:7,8
DA:9,8
DA:11,8
DA:13,8
DA:15,8
LF:10
LH:10
BRF:0
BRH:0
end_of_record
TN:
SF:/Users/nhan.dang/Coder_Academy/NhanDang_T3A2/GP-Back/routes/services.js
FNF:0
FNH:0
DA:1,8
DA:2,8
DA:3,8
DA:4,8
DA:11,8
DA:13,8
DA:15,8
DA:17,8
DA:19,8
DA:21,8
DA:23,8
DA:25,8
LF:12
LH:12
BRF:0
BRH:0
end_of_record
TN:
SF:/Users/nhan.dang/Coder_Academy/NhanDang_T3A2/GP-Back/routes/users.js
FNF:0
FNH:0
DA:1,8
DA:2,8
DA:3,8
DA:4,8
DA:6,8
DA:7,8
DA:8,8
DA:9,8
DA:10,8
DA:11,8
DA:12,8
DA:14,8
LF:12
LH:12
BRF:0
BRH:0
end_of_record
TN:
SF:/Users/nhan.dang/Coder_Academy/NhanDang_T3A2/GP-Back/routes/vaccines.js
FNF:0
FNH:0
DA:1,8
DA:2,8
DA:3,8
DA:4,8
DA:11,8
DA:13,8
DA:15,8
DA:17,8
DA:19,8
DA:21,8
DA:23,8
DA:25,8
LF:12
LH:12
BRF:0
BRH:0
end_of_record
TN:
SF:/Users/nhan.dang/Coder_Academy/NhanDang_T3A2/GP-Back/testing_utils/login.js
FN:4,(anonymous_0)
FN:14,(anonymous_1)
FN:24,(anonymous_2)
FNF:3
FNH:3
FNDA:19,(anonymous_0)
FNDA:2,(anonymous_1)
FNDA:23,(anonymous_2)
DA:1,7
DA:2,7
DA:3,7
DA:4,7
DA:5,19
DA:11,19
DA:14,7
DA:15,2
DA:21,2
DA:24,7
DA:25,23
DA:31,23
LF:12
LH:12
BRF:0
BRH:0
end_of_record
